<?xml version="1.0" encoding="UTF-8"?>
<!-- Generated by org.testng.reporters.JUnitReportReporter -->
<testsuite hostname="ajay-PC" name="mobilemenu.EmailOrder" tests="443" failures="0" timestamp="25 Jul 2015 06:36:23 GMT" time="0.471" errors="0">
  <testcase name="doLogin" time="0.000" classname="mobilemenu.EmailOrder"/>
  <testcase name="doLogin" time="0.000" classname="mobilemenu.EmailOrder"/>
  <testcase name="doLogin" time="0.000" classname="mobilemenu.EmailOrder"/>
  <testcase name="doLogin" time="0.004" classname="mobilemenu.EmailOrder"/>
  <testcase name="doLogin" time="0.000" classname="mobilemenu.EmailOrder"/>
  <testcase name="doLogin" time="0.000" classname="mobilemenu.EmailOrder"/>
  <testcase name="doLogin" time="0.001" classname="mobilemenu.EmailOrder"/>
  <testcase name="doLogin" time="0.001" classname="mobilemenu.EmailOrder"/>
  <testcase name="doLogin" time="0.001" classname="mobilemenu.EmailOrder"/>
  <testcase name="doLogin" time="0.000" classname="mobilemenu.EmailOrder"/>
  <testcase name="doLogin" time="0.000" classname="mobilemenu.EmailOrder"/>
  <testcase name="doLogin" time="0.001" classname="mobilemenu.EmailOrder"/>
  <testcase name="doLogin" time="0.001" classname="mobilemenu.EmailOrder"/>
  <testcase name="doLogin" time="0.000" classname="mobilemenu.EmailOrder"/>
  <testcase name="doLogin" time="0.001" classname="mobilemenu.EmailOrder"/>
  <testcase name="doLogin" time="0.001" classname="mobilemenu.EmailOrder"/>
  <testcase name="doLogin" time="0.005" classname="mobilemenu.EmailOrder"/>
  <testcase name="doLogin" time="0.000" classname="mobilemenu.EmailOrder"/>
  <testcase name="doLogin" time="0.000" classname="mobilemenu.EmailOrder"/>
  <testcase name="doLogin" time="0.001" classname="mobilemenu.EmailOrder"/>
  <testcase name="doLogin" time="0.000" classname="mobilemenu.EmailOrder"/>
  <testcase name="doLogin" time="0.001" classname="mobilemenu.EmailOrder"/>
  <testcase name="doLogin" time="0.001" classname="mobilemenu.EmailOrder"/>
  <testcase name="doLogin" time="0.000" classname="mobilemenu.EmailOrder"/>
  <testcase name="doLogin" time="0.000" classname="mobilemenu.EmailOrder"/>
  <testcase name="doLogin" time="0.001" classname="mobilemenu.EmailOrder"/>
  <testcase name="doLogin" time="0.000" classname="mobilemenu.EmailOrder"/>
  <testcase name="doLogin" time="0.000" classname="mobilemenu.EmailOrder"/>
  <testcase name="doLogin" time="0.001" classname="mobilemenu.EmailOrder"/>
  <testcase name="doLogin" time="0.003" classname="mobilemenu.EmailOrder"/>
  <testcase name="doLogin" time="0.001" classname="mobilemenu.EmailOrder"/>
  <testcase name="doLogin" time="0.000" classname="mobilemenu.EmailOrder"/>
  <testcase name="doLogin" time="0.000" classname="mobilemenu.EmailOrder"/>
  <testcase name="doLogin" time="0.001" classname="mobilemenu.EmailOrder"/>
  <testcase name="doLogin" time="0.001" classname="mobilemenu.EmailOrder"/>
  <testcase name="doLogin" time="0.001" classname="mobilemenu.EmailOrder"/>
  <testcase name="doLogin" time="0.000" classname="mobilemenu.EmailOrder"/>
  <testcase name="doLogin" time="0.001" classname="mobilemenu.EmailOrder"/>
  <testcase name="doLogin" time="0.001" classname="mobilemenu.EmailOrder"/>
  <testcase name="doLogin" time="0.000" classname="mobilemenu.EmailOrder"/>
  <testcase name="doLogin" time="0.000" classname="mobilemenu.EmailOrder"/>
  <testcase name="doLogin" time="0.001" classname="mobilemenu.EmailOrder"/>
  <testcase name="doLogin" time="0.000" classname="mobilemenu.EmailOrder"/>
  <testcase name="doLogin" time="0.000" classname="mobilemenu.EmailOrder"/>
  <testcase name="doLogin" time="0.001" classname="mobilemenu.EmailOrder"/>
  <testcase name="doLogin" time="0.000" classname="mobilemenu.EmailOrder"/>
  <testcase name="doLogin" time="0.004" classname="mobilemenu.EmailOrder"/>
  <testcase name="doLogin" time="0.000" classname="mobilemenu.EmailOrder"/>
  <testcase name="doLogin" time="0.000" classname="mobilemenu.EmailOrder"/>
  <testcase name="doLogin" time="0.000" classname="mobilemenu.EmailOrder"/>
  <testcase name="doLogin" time="0.001" classname="mobilemenu.EmailOrder"/>
  <testcase name="doLogin" time="0.000" classname="mobilemenu.EmailOrder"/>
  <testcase name="doLogin" time="0.000" classname="mobilemenu.EmailOrder"/>
  <testcase name="doLogin" time="0.000" classname="mobilemenu.EmailOrder"/>
  <testcase name="doLogin" time="0.000" classname="mobilemenu.EmailOrder"/>
  <testcase name="doLogin" time="0.001" classname="mobilemenu.EmailOrder"/>
  <testcase name="doLogin" time="0.001" classname="mobilemenu.EmailOrder"/>
  <testcase name="doLogin" time="0.000" classname="mobilemenu.EmailOrder"/>
  <testcase name="doLogin" time="0.001" classname="mobilemenu.EmailOrder"/>
  <testcase name="doLogin" time="0.000" classname="mobilemenu.EmailOrder"/>
  <testcase name="doLogin" time="0.001" classname="mobilemenu.EmailOrder"/>
  <testcase name="doLogin" time="0.002" classname="mobilemenu.EmailOrder"/>
  <testcase name="doLogin" time="0.001" classname="mobilemenu.EmailOrder"/>
  <testcase name="doLogin" time="0.000" classname="mobilemenu.EmailOrder"/>
  <testcase name="doLogin" time="0.000" classname="mobilemenu.EmailOrder"/>
  <testcase name="doLogin" time="0.000" classname="mobilemenu.EmailOrder"/>
  <testcase name="doLogin" time="0.000" classname="mobilemenu.EmailOrder"/>
  <testcase name="doLogin" time="0.000" classname="mobilemenu.EmailOrder"/>
  <testcase name="doLogin" time="0.000" classname="mobilemenu.EmailOrder"/>
  <testcase name="doLogin" time="0.000" classname="mobilemenu.EmailOrder"/>
  <testcase name="doLogin" time="0.000" classname="mobilemenu.EmailOrder"/>
  <testcase name="doLogin" time="0.000" classname="mobilemenu.EmailOrder"/>
  <testcase name="doLogin" time="0.000" classname="mobilemenu.EmailOrder"/>
  <testcase name="doLogin" time="0.001" classname="mobilemenu.EmailOrder"/>
  <testcase name="doLogin" time="0.001" classname="mobilemenu.EmailOrder"/>
  <testcase name="doLogin" time="0.000" classname="mobilemenu.EmailOrder"/>
  <testcase name="doLogin" time="0.000" classname="mobilemenu.EmailOrder"/>
  <testcase name="doLogin" time="0.000" classname="mobilemenu.EmailOrder"/>
  <testcase name="doLogin" time="0.000" classname="mobilemenu.EmailOrder"/>
  <testcase name="doLogin" time="0.000" classname="mobilemenu.EmailOrder"/>
  <testcase name="doLogin" time="0.000" classname="mobilemenu.EmailOrder"/>
  <testcase name="doLogin" time="0.000" classname="mobilemenu.EmailOrder"/>
  <testcase name="doLogin" time="0.001" classname="mobilemenu.EmailOrder"/>
  <testcase name="doLogin" time="0.000" classname="mobilemenu.EmailOrder"/>
  <testcase name="doLogin" time="0.000" classname="mobilemenu.EmailOrder"/>
  <testcase name="doLogin" time="0.001" classname="mobilemenu.EmailOrder"/>
  <testcase name="doLogin" time="0.000" classname="mobilemenu.EmailOrder"/>
  <testcase name="doLogin" time="0.000" classname="mobilemenu.EmailOrder"/>
  <testcase name="doLogin" time="0.000" classname="mobilemenu.EmailOrder"/>
  <testcase name="doLogin" time="0.000" classname="mobilemenu.EmailOrder"/>
  <testcase name="doLogin" time="0.000" classname="mobilemenu.EmailOrder"/>
  <testcase name="doLogin" time="0.001" classname="mobilemenu.EmailOrder"/>
  <testcase name="doLogin" time="0.000" classname="mobilemenu.EmailOrder"/>
  <testcase name="doLogin" time="0.000" classname="mobilemenu.EmailOrder"/>
  <testcase name="doLogin" time="0.006" classname="mobilemenu.EmailOrder"/>
  <testcase name="doLogin" time="0.001" classname="mobilemenu.EmailOrder"/>
  <testcase name="doLogin" time="0.000" classname="mobilemenu.EmailOrder"/>
  <testcase name="doLogin" time="0.000" classname="mobilemenu.EmailOrder"/>
  <testcase name="doLogin" time="0.000" classname="mobilemenu.EmailOrder"/>
  <testcase name="doLogin" time="0.000" classname="mobilemenu.EmailOrder"/>
  <testcase name="doLogin" time="0.006" classname="mobilemenu.EmailOrder"/>
  <testcase name="doLogin" time="0.001" classname="mobilemenu.EmailOrder"/>
  <testcase name="doLogin" time="0.001" classname="mobilemenu.EmailOrder"/>
  <testcase name="doLogin" time="0.001" classname="mobilemenu.EmailOrder"/>
  <testcase name="doLogin" time="0.004" classname="mobilemenu.EmailOrder"/>
  <testcase name="doLogin" time="0.000" classname="mobilemenu.EmailOrder"/>
  <testcase name="doLogin" time="0.001" classname="mobilemenu.EmailOrder"/>
  <testcase name="doLogin" time="0.000" classname="mobilemenu.EmailOrder"/>
  <testcase name="doLogin" time="0.000" classname="mobilemenu.EmailOrder"/>
  <testcase name="doLogin" time="0.001" classname="mobilemenu.EmailOrder"/>
  <testcase name="doLogin" time="0.001" classname="mobilemenu.EmailOrder"/>
  <testcase name="doLogin" time="0.000" classname="mobilemenu.EmailOrder"/>
  <testcase name="doLogin" time="0.004" classname="mobilemenu.EmailOrder"/>
  <testcase name="doLogin" time="0.000" classname="mobilemenu.EmailOrder"/>
  <testcase name="doLogin" time="0.000" classname="mobilemenu.EmailOrder"/>
  <testcase name="doLogin" time="0.000" classname="mobilemenu.EmailOrder"/>
  <testcase name="doLogin" time="0.000" classname="mobilemenu.EmailOrder"/>
  <testcase name="doLogin" time="0.001" classname="mobilemenu.EmailOrder"/>
  <testcase name="doLogin" time="0.000" classname="mobilemenu.EmailOrder"/>
  <testcase name="doLogin" time="0.000" classname="mobilemenu.EmailOrder"/>
  <testcase name="doLogin" time="0.000" classname="mobilemenu.EmailOrder"/>
  <testcase name="doLogin" time="0.001" classname="mobilemenu.EmailOrder"/>
  <testcase name="doLogin" time="0.001" classname="mobilemenu.EmailOrder"/>
  <testcase name="doLogin" time="0.000" classname="mobilemenu.EmailOrder"/>
  <testcase name="doLogin" time="0.001" classname="mobilemenu.EmailOrder"/>
  <testcase name="doLogin" time="0.001" classname="mobilemenu.EmailOrder"/>
  <testcase name="doLogin" time="0.000" classname="mobilemenu.EmailOrder"/>
  <testcase name="doLogin" time="0.004" classname="mobilemenu.EmailOrder"/>
  <testcase name="doLogin" time="0.000" classname="mobilemenu.EmailOrder"/>
  <testcase name="doLogin" time="0.000" classname="mobilemenu.EmailOrder"/>
  <testcase name="doLogin" time="0.000" classname="mobilemenu.EmailOrder"/>
  <testcase name="doLogin" time="0.001" classname="mobilemenu.EmailOrder"/>
  <testcase name="doLogin" time="0.001" classname="mobilemenu.EmailOrder"/>
  <testcase name="doLogin" time="0.000" classname="mobilemenu.EmailOrder"/>
  <testcase name="doLogin" time="0.001" classname="mobilemenu.EmailOrder"/>
  <testcase name="doLogin" time="0.001" classname="mobilemenu.EmailOrder"/>
  <testcase name="doLogin" time="0.001" classname="mobilemenu.EmailOrder"/>
  <testcase name="doLogin" time="0.000" classname="mobilemenu.EmailOrder"/>
  <testcase name="doLogin" time="0.002" classname="mobilemenu.EmailOrder"/>
  <testcase name="doLogin" time="0.000" classname="mobilemenu.EmailOrder"/>
  <testcase name="doLogin" time="0.007" classname="mobilemenu.EmailOrder"/>
  <testcase name="doLogin" time="0.000" classname="mobilemenu.EmailOrder"/>
  <testcase name="doLogin" time="0.001" classname="mobilemenu.EmailOrder"/>
  <testcase name="doLogin" time="0.000" classname="mobilemenu.EmailOrder"/>
  <testcase name="doLogin" time="0.000" classname="mobilemenu.EmailOrder"/>
  <testcase name="doLogin" time="0.001" classname="mobilemenu.EmailOrder"/>
  <testcase name="doLogin" time="0.000" classname="mobilemenu.EmailOrder"/>
  <testcase name="doLogin" time="0.001" classname="mobilemenu.EmailOrder"/>
  <testcase name="doLogin" time="0.000" classname="mobilemenu.EmailOrder"/>
  <testcase name="doLogin" time="0.000" classname="mobilemenu.EmailOrder"/>
  <testcase name="doLogin" time="0.000" classname="mobilemenu.EmailOrder"/>
  <testcase name="doLogin" time="0.000" classname="mobilemenu.EmailOrder"/>
  <testcase name="doLogin" time="0.000" classname="mobilemenu.EmailOrder"/>
  <testcase name="doLogin" time="0.001" classname="mobilemenu.EmailOrder"/>
  <testcase name="doLogin" time="0.000" classname="mobilemenu.EmailOrder"/>
  <testcase name="doLogin" time="0.000" classname="mobilemenu.EmailOrder"/>
  <testcase name="doLogin" time="0.001" classname="mobilemenu.EmailOrder"/>
  <testcase name="doLogin" time="0.000" classname="mobilemenu.EmailOrder"/>
  <testcase name="doLogin" time="0.000" classname="mobilemenu.EmailOrder"/>
  <testcase name="doLogin" time="0.000" classname="mobilemenu.EmailOrder"/>
  <testcase name="doLogin" time="0.000" classname="mobilemenu.EmailOrder"/>
  <testcase name="doLogin" time="0.000" classname="mobilemenu.EmailOrder"/>
  <testcase name="doLogin" time="0.005" classname="mobilemenu.EmailOrder"/>
  <testcase name="doLogin" time="0.000" classname="mobilemenu.EmailOrder"/>
  <testcase name="doLogin" time="0.001" classname="mobilemenu.EmailOrder"/>
  <testcase name="doLogin" time="0.000" classname="mobilemenu.EmailOrder"/>
  <testcase name="doLogin" time="0.000" classname="mobilemenu.EmailOrder"/>
  <testcase name="doLogin" time="0.000" classname="mobilemenu.EmailOrder"/>
  <testcase name="doLogin" time="0.000" classname="mobilemenu.EmailOrder"/>
  <testcase name="doLogin" time="0.000" classname="mobilemenu.EmailOrder"/>
  <testcase name="doLogin" time="0.000" classname="mobilemenu.EmailOrder"/>
  <testcase name="doLogin" time="0.000" classname="mobilemenu.EmailOrder"/>
  <testcase name="doLogin" time="0.001" classname="mobilemenu.EmailOrder"/>
  <testcase name="doLogin" time="0.000" classname="mobilemenu.EmailOrder"/>
  <testcase name="doLogin" time="0.000" classname="mobilemenu.EmailOrder"/>
  <testcase name="doLogin" time="0.004" classname="mobilemenu.EmailOrder"/>
  <testcase name="doLogin" time="0.000" classname="mobilemenu.EmailOrder"/>
  <testcase name="doLogin" time="0.000" classname="mobilemenu.EmailOrder"/>
  <testcase name="doLogin" time="0.000" classname="mobilemenu.EmailOrder"/>
  <testcase name="doLogin" time="0.001" classname="mobilemenu.EmailOrder"/>
  <testcase name="doLogin" time="0.000" classname="mobilemenu.EmailOrder"/>
  <testcase name="doLogin" time="0.000" classname="mobilemenu.EmailOrder"/>
  <testcase name="doLogin" time="0.001" classname="mobilemenu.EmailOrder"/>
  <testcase name="doLogin" time="0.000" classname="mobilemenu.EmailOrder"/>
  <testcase name="doLogin" time="0.000" classname="mobilemenu.EmailOrder"/>
  <testcase name="doLogin" time="0.000" classname="mobilemenu.EmailOrder"/>
  <testcase name="doLogin" time="0.004" classname="mobilemenu.EmailOrder"/>
  <testcase name="doLogin" time="0.000" classname="mobilemenu.EmailOrder"/>
  <testcase name="doLogin" time="0.000" classname="mobilemenu.EmailOrder"/>
  <testcase name="doLogin" time="0.000" classname="mobilemenu.EmailOrder"/>
  <testcase name="doLogin" time="0.000" classname="mobilemenu.EmailOrder"/>
  <testcase name="doLogin" time="0.000" classname="mobilemenu.EmailOrder"/>
  <testcase name="doLogin" time="0.000" classname="mobilemenu.EmailOrder"/>
  <testcase name="doLogin" time="0.001" classname="mobilemenu.EmailOrder"/>
  <testcase name="doLogin" time="0.001" classname="mobilemenu.EmailOrder"/>
  <testcase name="doLogin" time="0.004" classname="mobilemenu.EmailOrder"/>
  <testcase name="doLogin" time="0.000" classname="mobilemenu.EmailOrder"/>
  <testcase name="doLogin" time="0.000" classname="mobilemenu.EmailOrder"/>
  <testcase name="doLogin" time="0.001" classname="mobilemenu.EmailOrder"/>
  <testcase name="doLogin" time="0.000" classname="mobilemenu.EmailOrder"/>
  <testcase name="doLogin" time="0.001" classname="mobilemenu.EmailOrder"/>
  <testcase name="doLogin" time="0.003" classname="mobilemenu.EmailOrder"/>
  <testcase name="doLogin" time="0.000" classname="mobilemenu.EmailOrder"/>
  <testcase name="doLogin" time="0.000" classname="mobilemenu.EmailOrder"/>
  <testcase name="doLogin" time="0.001" classname="mobilemenu.EmailOrder"/>
  <testcase name="doLogin" time="0.000" classname="mobilemenu.EmailOrder"/>
  <testcase name="doLogin" time="0.001" classname="mobilemenu.EmailOrder"/>
  <testcase name="doLogin" time="0.007" classname="mobilemenu.EmailOrder"/>
  <testcase name="doLogin" time="0.000" classname="mobilemenu.EmailOrder"/>
  <testcase name="doLogin" time="0.000" classname="mobilemenu.EmailOrder"/>
  <testcase name="doLogin" time="0.000" classname="mobilemenu.EmailOrder"/>
  <testcase name="doLogin" time="0.005" classname="mobilemenu.EmailOrder"/>
  <testcase name="doLogin" time="0.000" classname="mobilemenu.EmailOrder"/>
  <testcase name="doLogin" time="0.000" classname="mobilemenu.EmailOrder"/>
  <testcase name="doLogin" time="0.000" classname="mobilemenu.EmailOrder"/>
  <testcase name="doLogin" time="0.000" classname="mobilemenu.EmailOrder"/>
  <testcase name="doLogin" time="0.001" classname="mobilemenu.EmailOrder"/>
  <testcase name="doLogin" time="0.001" classname="mobilemenu.EmailOrder"/>
  <testcase name="doLogin" time="0.000" classname="mobilemenu.EmailOrder"/>
  <testcase name="doLogin" time="0.000" classname="mobilemenu.EmailOrder"/>
  <testcase name="doLogin" time="0.000" classname="mobilemenu.EmailOrder"/>
  <testcase name="doLogin" time="0.001" classname="mobilemenu.EmailOrder"/>
  <testcase name="doLogin" time="0.004" classname="mobilemenu.EmailOrder"/>
  <testcase name="doLogin" time="0.000" classname="mobilemenu.EmailOrder"/>
  <testcase name="doLogin" time="0.000" classname="mobilemenu.EmailOrder"/>
  <testcase name="doLogin" time="0.002" classname="mobilemenu.EmailOrder"/>
  <testcase name="doLogin" time="0.000" classname="mobilemenu.EmailOrder"/>
  <testcase name="doLogin" time="0.000" classname="mobilemenu.EmailOrder"/>
  <testcase name="doLogin" time="0.005" classname="mobilemenu.EmailOrder"/>
  <testcase name="doLogin" time="0.004" classname="mobilemenu.EmailOrder"/>
  <testcase name="doLogin" time="0.000" classname="mobilemenu.EmailOrder"/>
  <testcase name="doLogin" time="0.000" classname="mobilemenu.EmailOrder"/>
  <testcase name="doLogin" time="0.001" classname="mobilemenu.EmailOrder"/>
  <testcase name="doLogin" time="0.005" classname="mobilemenu.EmailOrder"/>
  <testcase name="doLogin" time="0.010" classname="mobilemenu.EmailOrder"/>
  <testcase name="doLogin" time="0.000" classname="mobilemenu.EmailOrder"/>
  <testcase name="doLogin" time="0.005" classname="mobilemenu.EmailOrder"/>
  <testcase name="doLogin" time="0.001" classname="mobilemenu.EmailOrder"/>
  <testcase name="doLogin" time="0.000" classname="mobilemenu.EmailOrder"/>
  <testcase name="doLogin" time="0.000" classname="mobilemenu.EmailOrder"/>
  <testcase name="doLogin" time="0.000" classname="mobilemenu.EmailOrder"/>
  <testcase name="doLogin" time="0.004" classname="mobilemenu.EmailOrder"/>
  <testcase name="doLogin" time="0.001" classname="mobilemenu.EmailOrder"/>
  <testcase name="doLogin" time="0.001" classname="mobilemenu.EmailOrder"/>
  <testcase name="doLogin" time="0.000" classname="mobilemenu.EmailOrder"/>
  <testcase name="doLogin" time="0.000" classname="mobilemenu.EmailOrder"/>
  <testcase name="doLogin" time="0.000" classname="mobilemenu.EmailOrder"/>
  <testcase name="doLogin" time="0.000" classname="mobilemenu.EmailOrder"/>
  <testcase name="doLogin" time="0.001" classname="mobilemenu.EmailOrder"/>
  <testcase name="doLogin" time="0.001" classname="mobilemenu.EmailOrder"/>
  <testcase name="doLogin" time="0.000" classname="mobilemenu.EmailOrder"/>
  <testcase name="doLogin" time="0.000" classname="mobilemenu.EmailOrder"/>
  <testcase name="doLogin" time="0.001" classname="mobilemenu.EmailOrder"/>
  <testcase name="doLogin" time="0.001" classname="mobilemenu.EmailOrder"/>
  <testcase name="doLogin" time="0.000" classname="mobilemenu.EmailOrder"/>
  <testcase name="doLogin" time="0.001" classname="mobilemenu.EmailOrder"/>
  <testcase name="doLogin" time="0.000" classname="mobilemenu.EmailOrder"/>
  <testcase name="doLogin" time="0.000" classname="mobilemenu.EmailOrder"/>
  <testcase name="doLogin" time="0.000" classname="mobilemenu.EmailOrder"/>
  <testcase name="doLogin" time="0.000" classname="mobilemenu.EmailOrder"/>
  <testcase name="doLogin" time="0.000" classname="mobilemenu.EmailOrder"/>
  <testcase name="doLogin" time="0.000" classname="mobilemenu.EmailOrder"/>
  <testcase name="doLogin" time="0.001" classname="mobilemenu.EmailOrder"/>
  <testcase name="doLogin" time="0.000" classname="mobilemenu.EmailOrder"/>
  <testcase name="doLogin" time="0.003" classname="mobilemenu.EmailOrder"/>
  <testcase name="doLogin" time="0.023" classname="mobilemenu.EmailOrder"/>
  <testcase name="doLogin" time="0.000" classname="mobilemenu.EmailOrder"/>
  <testcase name="doLogin" time="0.000" classname="mobilemenu.EmailOrder"/>
  <testcase name="doLogin" time="0.000" classname="mobilemenu.EmailOrder"/>
  <testcase name="doLogin" time="0.000" classname="mobilemenu.EmailOrder"/>
  <testcase name="doLogin" time="0.001" classname="mobilemenu.EmailOrder"/>
  <testcase name="doLogin" time="0.000" classname="mobilemenu.EmailOrder"/>
  <testcase name="doLogin" time="0.000" classname="mobilemenu.EmailOrder"/>
  <testcase name="doLogin" time="0.000" classname="mobilemenu.EmailOrder"/>
  <testcase name="doLogin" time="0.001" classname="mobilemenu.EmailOrder"/>
  <testcase name="doLogin" time="0.004" classname="mobilemenu.EmailOrder"/>
  <testcase name="doLogin" time="0.000" classname="mobilemenu.EmailOrder"/>
  <testcase name="doLogin" time="0.000" classname="mobilemenu.EmailOrder"/>
  <testcase name="doLogin" time="0.001" classname="mobilemenu.EmailOrder"/>
  <testcase name="doLogin" time="0.001" classname="mobilemenu.EmailOrder"/>
  <testcase name="doLogin" time="0.000" classname="mobilemenu.EmailOrder"/>
  <testcase name="doLogin" time="0.000" classname="mobilemenu.EmailOrder"/>
  <testcase name="doLogin" time="0.000" classname="mobilemenu.EmailOrder"/>
  <testcase name="doLogin" time="0.000" classname="mobilemenu.EmailOrder"/>
  <testcase name="doLogin" time="0.000" classname="mobilemenu.EmailOrder"/>
  <testcase name="doLogin" time="0.000" classname="mobilemenu.EmailOrder"/>
  <testcase name="doLogin" time="0.000" classname="mobilemenu.EmailOrder"/>
  <testcase name="doLogin" time="0.001" classname="mobilemenu.EmailOrder"/>
  <testcase name="doLogin" time="0.005" classname="mobilemenu.EmailOrder"/>
  <testcase name="doLogin" time="0.000" classname="mobilemenu.EmailOrder"/>
  <testcase name="doLogin" time="0.000" classname="mobilemenu.EmailOrder"/>
  <testcase name="doLogin" time="0.000" classname="mobilemenu.EmailOrder"/>
  <testcase name="doLogin" time="0.000" classname="mobilemenu.EmailOrder"/>
  <testcase name="doLogin" time="0.000" classname="mobilemenu.EmailOrder"/>
  <testcase name="doLogin" time="0.003" classname="mobilemenu.EmailOrder"/>
  <testcase name="doLogin" time="0.000" classname="mobilemenu.EmailOrder"/>
  <testcase name="doLogin" time="0.000" classname="mobilemenu.EmailOrder"/>
  <testcase name="doLogin" time="0.000" classname="mobilemenu.EmailOrder"/>
  <testcase name="doLogin" time="0.001" classname="mobilemenu.EmailOrder"/>
  <testcase name="doLogin" time="0.000" classname="mobilemenu.EmailOrder"/>
  <testcase name="doLogin" time="0.000" classname="mobilemenu.EmailOrder"/>
  <testcase name="doLogin" time="0.000" classname="mobilemenu.EmailOrder"/>
  <testcase name="doLogin" time="0.000" classname="mobilemenu.EmailOrder"/>
  <testcase name="doLogin" time="0.000" classname="mobilemenu.EmailOrder"/>
  <testcase name="doLogin" time="0.001" classname="mobilemenu.EmailOrder"/>
  <testcase name="doLogin" time="0.002" classname="mobilemenu.EmailOrder"/>
  <testcase name="doLogin" time="0.000" classname="mobilemenu.EmailOrder"/>
  <testcase name="doLogin" time="0.000" classname="mobilemenu.EmailOrder"/>
  <testcase name="doLogin" time="0.001" classname="mobilemenu.EmailOrder"/>
  <testcase name="doLogin" time="0.001" classname="mobilemenu.EmailOrder"/>
  <testcase name="doLogin" time="0.007" classname="mobilemenu.EmailOrder"/>
  <testcase name="doLogin" time="0.000" classname="mobilemenu.EmailOrder"/>
  <testcase name="doLogin" time="0.001" classname="mobilemenu.EmailOrder"/>
  <testcase name="doLogin" time="0.000" classname="mobilemenu.EmailOrder"/>
  <testcase name="doLogin" time="0.000" classname="mobilemenu.EmailOrder"/>
  <testcase name="doLogin" time="0.000" classname="mobilemenu.EmailOrder"/>
  <testcase name="doLogin" time="0.000" classname="mobilemenu.EmailOrder"/>
  <testcase name="doLogin" time="0.001" classname="mobilemenu.EmailOrder"/>
  <testcase name="doLogin" time="0.000" classname="mobilemenu.EmailOrder"/>
  <testcase name="doLogin" time="0.001" classname="mobilemenu.EmailOrder"/>
  <testcase name="doLogin" time="0.000" classname="mobilemenu.EmailOrder"/>
  <testcase name="doLogin" time="0.000" classname="mobilemenu.EmailOrder"/>
  <testcase name="doLogin" time="0.000" classname="mobilemenu.EmailOrder"/>
  <testcase name="doLogin" time="0.000" classname="mobilemenu.EmailOrder"/>
  <testcase name="doLogin" time="0.000" classname="mobilemenu.EmailOrder"/>
  <testcase name="doLogin" time="0.000" classname="mobilemenu.EmailOrder"/>
  <testcase name="doLogin" time="0.001" classname="mobilemenu.EmailOrder"/>
  <testcase name="doLogin" time="0.007" classname="mobilemenu.EmailOrder"/>
  <testcase name="doLogin" time="0.000" classname="mobilemenu.EmailOrder"/>
  <testcase name="doLogin" time="0.000" classname="mobilemenu.EmailOrder"/>
  <testcase name="doLogin" time="0.000" classname="mobilemenu.EmailOrder"/>
  <testcase name="doLogin" time="0.000" classname="mobilemenu.EmailOrder"/>
  <testcase name="doLogin" time="0.001" classname="mobilemenu.EmailOrder"/>
  <testcase name="doLogin" time="0.001" classname="mobilemenu.EmailOrder"/>
  <testcase name="doLogin" time="0.004" classname="mobilemenu.EmailOrder"/>
  <testcase name="doLogin" time="0.001" classname="mobilemenu.EmailOrder"/>
  <testcase name="doLogin" time="0.000" classname="mobilemenu.EmailOrder"/>
  <testcase name="doLogin" time="0.000" classname="mobilemenu.EmailOrder"/>
  <testcase name="doLogin" time="0.001" classname="mobilemenu.EmailOrder"/>
  <testcase name="doLogin" time="0.000" classname="mobilemenu.EmailOrder"/>
  <testcase name="doLogin" time="0.012" classname="mobilemenu.EmailOrder"/>
  <testcase name="doLogin" time="0.001" classname="mobilemenu.EmailOrder"/>
  <testcase name="doLogin" time="0.000" classname="mobilemenu.EmailOrder"/>
  <testcase name="doLogin" time="0.000" classname="mobilemenu.EmailOrder"/>
  <testcase name="doLogin" time="0.000" classname="mobilemenu.EmailOrder"/>
  <testcase name="doLogin" time="0.000" classname="mobilemenu.EmailOrder"/>
  <testcase name="doLogin" time="0.001" classname="mobilemenu.EmailOrder"/>
  <testcase name="doLogin" time="0.003" classname="mobilemenu.EmailOrder"/>
  <testcase name="doLogin" time="0.000" classname="mobilemenu.EmailOrder"/>
  <testcase name="doLogin" time="0.001" classname="mobilemenu.EmailOrder"/>
  <testcase name="doLogin" time="0.001" classname="mobilemenu.EmailOrder"/>
  <testcase name="doLogin" time="0.003" classname="mobilemenu.EmailOrder"/>
  <testcase name="doLogin" time="0.000" classname="mobilemenu.EmailOrder"/>
  <testcase name="doLogin" time="0.000" classname="mobilemenu.EmailOrder"/>
  <testcase name="doLogin" time="0.000" classname="mobilemenu.EmailOrder"/>
  <testcase name="doLogin" time="0.001" classname="mobilemenu.EmailOrder"/>
  <testcase name="doLogin" time="0.001" classname="mobilemenu.EmailOrder"/>
  <testcase name="doLogin" time="0.000" classname="mobilemenu.EmailOrder"/>
  <testcase name="doLogin" time="0.000" classname="mobilemenu.EmailOrder"/>
  <testcase name="doLogin" time="0.000" classname="mobilemenu.EmailOrder"/>
  <testcase name="doLogin" time="0.000" classname="mobilemenu.EmailOrder"/>
  <testcase name="doLogin" time="0.016" classname="mobilemenu.EmailOrder"/>
  <testcase name="doLogin" time="0.015" classname="mobilemenu.EmailOrder"/>
  <testcase name="doLogin" time="0.000" classname="mobilemenu.EmailOrder"/>
  <testcase name="doLogin" time="0.000" classname="mobilemenu.EmailOrder"/>
  <testcase name="doLogin" time="0.000" classname="mobilemenu.EmailOrder"/>
  <testcase name="doLogin" time="0.000" classname="mobilemenu.EmailOrder"/>
  <testcase name="doLogin" time="0.000" classname="mobilemenu.EmailOrder"/>
  <testcase name="doLogin" time="0.001" classname="mobilemenu.EmailOrder"/>
  <testcase name="doLogin" time="0.001" classname="mobilemenu.EmailOrder"/>
  <testcase name="doLogin" time="0.000" classname="mobilemenu.EmailOrder"/>
  <testcase name="doLogin" time="0.001" classname="mobilemenu.EmailOrder"/>
  <testcase name="doLogin" time="0.001" classname="mobilemenu.EmailOrder"/>
  <testcase name="doLogin" time="0.000" classname="mobilemenu.EmailOrder"/>
  <testcase name="doLogin" time="0.000" classname="mobilemenu.EmailOrder"/>
  <testcase name="doLogin" time="0.001" classname="mobilemenu.EmailOrder"/>
  <testcase name="doLogin" time="0.001" classname="mobilemenu.EmailOrder"/>
  <testcase name="doLogin" time="0.001" classname="mobilemenu.EmailOrder"/>
  <testcase name="doLogin" time="0.000" classname="mobilemenu.EmailOrder"/>
  <testcase name="doLogin" time="0.000" classname="mobilemenu.EmailOrder"/>
  <testcase name="doLogin" time="0.000" classname="mobilemenu.EmailOrder"/>
  <testcase name="doLogin" time="0.032" classname="mobilemenu.EmailOrder"/>
  <testcase name="doLogin" time="0.001" classname="mobilemenu.EmailOrder"/>
  <testcase name="doLogin" time="0.000" classname="mobilemenu.EmailOrder"/>
  <testcase name="doLogin" time="0.001" classname="mobilemenu.EmailOrder"/>
  <testcase name="doLogin" time="0.001" classname="mobilemenu.EmailOrder"/>
  <testcase name="doLogin" time="0.000" classname="mobilemenu.EmailOrder"/>
  <testcase name="doLogin" time="0.000" classname="mobilemenu.EmailOrder"/>
  <testcase name="doLogin" time="0.000" classname="mobilemenu.EmailOrder"/>
  <testcase name="doLogin" time="0.000" classname="mobilemenu.EmailOrder"/>
  <testcase name="doLogin" time="0.003" classname="mobilemenu.EmailOrder"/>
  <testcase name="doLogin" time="0.000" classname="mobilemenu.EmailOrder"/>
  <testcase name="doLogin" time="0.001" classname="mobilemenu.EmailOrder"/>
  <testcase name="doLogin" time="0.001" classname="mobilemenu.EmailOrder"/>
  <testcase name="doLogin" time="0.000" classname="mobilemenu.EmailOrder"/>
  <testcase name="doLogin" time="0.000" classname="mobilemenu.EmailOrder"/>
  <testcase name="doLogin" time="0.001" classname="mobilemenu.EmailOrder"/>
  <testcase name="doLogin" time="0.004" classname="mobilemenu.EmailOrder"/>
  <testcase name="doLogin" time="0.001" classname="mobilemenu.EmailOrder"/>
  <testcase name="doLogin" time="0.000" classname="mobilemenu.EmailOrder"/>
  <testcase name="doLogin" time="0.001" classname="mobilemenu.EmailOrder"/>
  <testcase name="doLogin" time="0.011" classname="mobilemenu.EmailOrder"/>
  <testcase name="doLogin" time="0.000" classname="mobilemenu.EmailOrder"/>
  <testcase name="doLogin" time="0.000" classname="mobilemenu.EmailOrder"/>
  <testcase name="doLogin" time="0.000" classname="mobilemenu.EmailOrder"/>
  <testcase name="doLogin" time="0.001" classname="mobilemenu.EmailOrder"/>
  <testcase name="doLogin" time="0.000" classname="mobilemenu.EmailOrder"/>
  <testcase name="doLogin" time="0.001" classname="mobilemenu.EmailOrder"/>
  <testcase name="doLogin" time="0.002" classname="mobilemenu.EmailOrder"/>
  <testcase name="doLogin" time="0.001" classname="mobilemenu.EmailOrder"/>
  <testcase name="doLogin" time="0.001" classname="mobilemenu.EmailOrder"/>
  <testcase name="doLogin" time="0.000" classname="mobilemenu.EmailOrder"/>
  <testcase name="doLogin" time="0.001" classname="mobilemenu.EmailOrder"/>
  <testcase name="doLogin" time="0.009" classname="mobilemenu.EmailOrder"/>
  <testcase name="doLogin" time="0.000" classname="mobilemenu.EmailOrder"/>
  <testcase name="doLogin" time="0.000" classname="mobilemenu.EmailOrder"/>
  <testcase name="doLogin" time="0.000" classname="mobilemenu.EmailOrder"/>
  <testcase name="doLogin" time="0.001" classname="mobilemenu.EmailOrder"/>
  <testcase name="doLogin" time="0.000" classname="mobilemenu.EmailOrder"/>
  <testcase name="doLogin" time="0.000" classname="mobilemenu.EmailOrder"/>
  <testcase name="doLogin" time="0.005" classname="mobilemenu.EmailOrder"/>
  <testcase name="doLogin" time="0.001" classname="mobilemenu.EmailOrder"/>
  <testcase name="doLogin" time="0.001" classname="mobilemenu.EmailOrder"/>
  <testcase name="doLogin" time="0.000" classname="mobilemenu.EmailOrder"/>
  <testcase name="doLogin" time="0.000" classname="mobilemenu.EmailOrder"/>
  <testcase name="doLogin" time="0.000" classname="mobilemenu.EmailOrder"/>
  <testcase name="doLogin" time="0.000" classname="mobilemenu.EmailOrder"/>
  <testcase name="doLogin" time="0.001" classname="mobilemenu.EmailOrder"/>
  <testcase name="doLogin" time="0.001" classname="mobilemenu.EmailOrder"/>
  <testcase name="doLogin" time="0.001" classname="mobilemenu.EmailOrder"/>
  <testcase name="doLogin" time="0.000" classname="mobilemenu.EmailOrder"/>
  <testcase name="doLogin" time="0.001" classname="mobilemenu.EmailOrder"/>
  <testcase name="doLogin" time="0.004" classname="mobilemenu.EmailOrder"/>
  <testcase name="doLogin" time="0.000" classname="mobilemenu.EmailOrder"/>
  <testcase name="doLogin" time="0.000" classname="mobilemenu.EmailOrder"/>
  <testcase name="doLogin" time="0.000" classname="mobilemenu.EmailOrder"/>
  <testcase name="doLogin" time="0.001" classname="mobilemenu.EmailOrder"/>
  <testcase name="doLogin" time="0.000" classname="mobilemenu.EmailOrder"/>
  <testcase name="doLogin" time="0.044" classname="mobilemenu.EmailOrder"/>
  <testcase name="doLogin" time="0.000" classname="mobilemenu.EmailOrder"/>
  <testcase name="doLogin" time="0.001" classname="mobilemenu.EmailOrder"/>
  <testcase name="doLogin" time="0.000" classname="mobilemenu.EmailOrder"/>
  <testcase name="doLogin" time="0.000" classname="mobilemenu.EmailOrder"/>
</testsuite> <!-- mobilemenu.EmailOrder -->
