<?xml version="1.0" encoding="UTF-8"?>
<!-- Generated by org.testng.reporters.JUnitReportReporter -->
<testsuite hostname="ajay-PC" name="expertsolutions.TestCase1" tests="1" failures="0" timestamp="16 Jul 2015 20:52:34 GMT" time="16.866" errors="0">
  <testcase name="testDay1TestCase1" time="16.866" classname="expertsolutions.TestCase1"/>
</testsuite> <!-- expertsolutions.TestCase1 -->
